SF:lib/core/database/app_database.g.dart
DA:10,11
DA:13,22
DA:15,11
DA:20,11
DA:26,22
DA:28,11
DA:30,11
DA:38,11
DA:39,11
DA:41,11
DA:45,22
DA:48,22
DA:50,11
DA:59,22
DA:61,11
DA:70,22
DA:72,11
DA:81,22
DA:83,11
DA:92,22
DA:94,11
DA:100,11
DA:101,11
DA:102,11
DA:103,11
DA:104,11
DA:105,11
DA:106,11
DA:107,11
DA:108,11
DA:109,11
DA:111,11
DA:112,22
DA:113,11
DA:116,8
DA:121,8
DA:122,8
DA:123,8
DA:124,8
DA:126,8
DA:127,8
DA:129,24
DA:132,0
DA:134,8
DA:135,2
DA:137,6
DA:140,8
DA:141,2
DA:143,6
DA:146,8
DA:147,2
DA:149,4
DA:150,2
DA:155,8
DA:156,2
DA:158,6
DA:161,8
DA:162,2
DA:164,6
DA:170,11
DA:171,11
DA:172,7
DA:174,0
DA:175,7
DA:176,21
DA:178,14
DA:180,21
DA:182,14
DA:184,14
DA:185,21
DA:187,14
DA:190,21
DA:192,14
DA:194,21
DA:196,14
DA:198,21
DA:200,14
DA:202,21
DA:204,14
DA:206,21
DA:208,14
DA:213,0
DA:215,0
DA:218,22
DA:236,7
DA:246,0
DA:248,0
DA:249,0
DA:250,0
DA:252,0
DA:253,0
DA:256,0
DA:257,0
DA:259,0
DA:260,0
DA:262,0
DA:263,0
DA:265,0
DA:266,0
DA:268,0
DA:272,2
DA:273,2
DA:274,4
DA:275,4
DA:276,4
DA:277,2
DA:279,4
DA:280,2
DA:282,4
DA:283,2
DA:285,4
DA:286,2
DA:288,4
DA:289,4
DA:293,0
DA:297,0
DA:298,0
DA:299,0
DA:300,0
DA:301,0
DA:302,0
DA:304,0
DA:305,0
DA:306,0
DA:307,0
DA:308,0
DA:311,0
DA:313,0
DA:314,0
DA:315,0
DA:316,0
DA:317,0
DA:318,0
DA:320,0
DA:321,0
DA:322,0
DA:323,0
DA:324,0
DA:328,1
DA:337,1
DA:338,1
DA:339,0
DA:340,0
DA:341,2
DA:342,2
DA:343,1
DA:344,1
DA:345,0
DA:346,2
DA:347,1
DA:349,0
DA:350,0
DA:351,0
DA:352,0
DA:353,0
DA:354,0
DA:355,0
DA:356,0
DA:357,0
DA:358,0
DA:359,0
DA:360,0
DA:364,0
DA:366,0
DA:367,0
DA:368,0
DA:369,0
DA:370,0
DA:371,0
DA:372,0
DA:373,0
DA:374,0
DA:375,0
DA:376,0
DA:379,0
DA:380,0
DA:381,0
DA:382,0
DA:383,0
DA:384,0
DA:385,0
DA:386,0
DA:387,0
DA:388,0
DA:390,0
DA:393,0
DA:394,0
DA:395,0
DA:396,0
DA:397,0
DA:398,0
DA:399,0
DA:400,0
DA:401,0
DA:413,2
DA:423,8
DA:432,8
DA:433,8
DA:434,0
DA:444,0
DA:445,0
DA:446,0
DA:447,0
DA:448,0
DA:449,0
DA:450,0
DA:451,0
DA:452,0
DA:456,0
DA:466,0
DA:467,0
DA:468,0
DA:469,0
DA:470,0
DA:471,0
DA:472,0
DA:473,0
DA:474,0
DA:478,8
DA:480,8
DA:481,16
DA:482,8
DA:484,16
DA:485,32
DA:487,16
DA:488,16
DA:489,32
DA:492,16
DA:493,8
DA:495,16
DA:496,8
DA:498,16
DA:499,8
DA:501,16
DA:502,8
DA:504,16
DA:505,8
DA:510,0
DA:512,0
DA:513,0
DA:514,0
DA:515,0
DA:516,0
DA:517,0
DA:518,0
DA:519,0
DA:520,0
DA:521,0
DA:522,0
DA:531,11
DA:534,22
DA:536,11
DA:541,11
DA:549,22
DA:551,11
DA:555,11
DA:561,22
DA:563,11
DA:565,11
DA:574,22
DA:576,11
DA:585,22
DA:587,11
DA:596,22
DA:598,11
DA:607,22
DA:609,11
DA:615,11
DA:616,11
DA:617,11
DA:618,11
DA:619,11
DA:620,11
DA:621,11
DA:622,11
DA:623,11
DA:625,11
DA:626,22
DA:627,11
DA:630,5
DA:635,5
DA:636,5
DA:637,5
DA:638,12
DA:640,5
DA:641,5
DA:643,15
DA:646,0
DA:648,5
DA:649,5
DA:651,15
DA:654,0
DA:656,5
DA:657,5
DA:659,15
DA:662,0
DA:664,5
DA:665,3
DA:667,6
DA:668,3
DA:673,5
DA:674,3
DA:676,6
DA:677,3
DA:682,5
DA:683,3
DA:685,9
DA:691,11
DA:692,11
DA:693,5
DA:695,0
DA:696,5
DA:697,15
DA:699,10
DA:701,15
DA:703,10
DA:705,15
DA:707,10
DA:709,15
DA:711,10
DA:713,15
DA:715,10
DA:717,15
DA:719,10
DA:721,15
DA:723,10
DA:728,0
DA:730,0
DA:765,5
DA:774,0
DA:776,0
DA:777,0
DA:778,0
DA:779,0
DA:780,0
DA:781,0
DA:782,0
DA:784,0
DA:785,0
DA:787,0
DA:791,3
DA:792,3
DA:793,6
DA:794,6
DA:795,6
DA:796,6
DA:797,3
DA:799,6
DA:800,3
DA:802,6
DA:803,6
DA:807,0
DA:811,0
DA:812,0
DA:813,0
DA:814,0
DA:815,0
DA:816,0
DA:817,0
DA:818,0
DA:819,0
DA:822,0
DA:824,0
DA:825,0
DA:826,0
DA:827,0
DA:828,0
DA:829,0
DA:830,0
DA:831,0
DA:832,0
DA:836,3
DA:844,3
DA:845,3
DA:846,3
DA:847,3
DA:848,3
DA:849,7
DA:850,3
DA:851,3
DA:852,1
DA:853,3
DA:855,0
DA:856,0
DA:857,0
DA:858,0
DA:859,0
DA:860,0
DA:861,0
DA:862,0
DA:863,0
DA:864,0
DA:865,0
DA:866,0
DA:867,0
DA:871,0
DA:873,0
DA:874,0
DA:875,0
DA:876,0
DA:877,0
DA:878,0
DA:879,0
DA:880,0
DA:881,0
DA:882,0
DA:885,0
DA:886,0
DA:887,0
DA:888,0
DA:889,0
DA:890,0
DA:891,0
DA:892,0
DA:893,0
DA:895,0
DA:898,0
DA:899,0
DA:900,0
DA:901,0
DA:902,0
DA:903,0
DA:904,0
DA:905,0
DA:916,3
DA:925,5
DA:933,5
DA:934,5
DA:935,5
DA:936,0
DA:945,0
DA:946,0
DA:947,0
DA:948,0
DA:949,0
DA:950,0
DA:951,0
DA:952,0
DA:956,0
DA:965,0
DA:966,0
DA:967,0
DA:968,0
DA:969,0
DA:970,0
DA:971,0
DA:972,0
DA:976,5
DA:978,5
DA:979,10
DA:980,12
DA:982,10
DA:983,20
DA:985,10
DA:986,20
DA:988,10
DA:989,20
DA:991,10
DA:992,12
DA:994,10
DA:995,12
DA:997,10
DA:998,12
DA:1003,0
DA:1005,0
DA:1006,0
DA:1007,0
DA:1008,0
DA:1009,0
DA:1010,0
DA:1011,0
DA:1012,0
DA:1013,0
DA:1014,0
DA:1023,11
DA:1026,22
DA:1028,11
DA:1033,11
DA:1041,22
DA:1043,11
DA:1047,11
DA:1053,22
DA:1055,11
DA:1057,11
DA:1066,22
DA:1068,11
DA:1075,22
DA:1077,11
DA:1081,22
DA:1086,22
DA:1088,11
DA:1097,22
DA:1099,11
DA:1108,22
DA:1110,11
DA:1118,11
DA:1119,11
DA:1121,11
DA:1130,22
DA:1132,11
DA:1138,11
DA:1139,11
DA:1140,11
DA:1141,11
DA:1142,11
DA:1143,11
DA:1144,11
DA:1145,11
DA:1146,11
DA:1147,11
DA:1148,11
DA:1149,11
DA:1151,11
DA:1152,22
DA:1153,11
DA:1156,4
DA:1161,4
DA:1162,4
DA:1163,4
DA:1164,16
DA:1166,4
DA:1167,4
DA:1169,12
DA:1172,0
DA:1174,4
DA:1175,4
DA:1177,12
DA:1180,0
DA:1182,4
DA:1183,4
DA:1185,12
DA:1188,0
DA:1190,4
DA:1191,4
DA:1193,8
DA:1194,4
DA:1199,0
DA:1201,4
DA:1202,4
DA:1204,8
DA:1205,4
DA:1210,4
DA:1211,4
DA:1213,8
DA:1214,4
DA:1219,4
DA:1220,4
DA:1222,8
DA:1223,4
DA:1228,4
DA:1229,4
DA:1231,12
DA:1237,11
DA:1238,11
DA:1239,4
DA:1241,0
DA:1242,4
DA:1243,12
DA:1245,8
DA:1247,12
DA:1249,8
DA:1251,12
DA:1253,8
DA:1255,12
DA:1257,8
DA:1259,8
DA:1260,12
DA:1262,8
DA:1265,12
DA:1267,8
DA:1269,12
DA:1271,8
DA:1273,12
DA:1275,8
DA:1277,12
DA:1279,8
DA:1281,12
DA:1283,8
DA:1288,0
DA:1290,0
DA:1293,22
DA:1347,4
DA:1359,0
DA:1361,0
DA:1362,0
DA:1363,0
DA:1364,0
DA:1365,0
DA:1367,0
DA:1368,0
DA:1371,0
DA:1372,0
DA:1373,0
DA:1375,0
DA:1376,0
DA:1378,0
DA:1379,0
DA:1380,0
DA:1383,0
DA:1387,4
DA:1388,4
DA:1389,8
DA:1390,8
DA:1391,8
DA:1392,8
DA:1393,8
DA:1394,8
DA:1395,4
DA:1397,8
DA:1398,4
DA:1400,8
DA:1401,4
DA:1403,8
DA:1404,8
DA:1408,0
DA:1412,0
DA:1413,0
DA:1414,0
DA:1415,0
DA:1416,0
DA:1417,0
DA:1418,0
DA:1419,0
DA:1421,0
DA:1422,0
DA:1423,0
DA:1424,0
DA:1425,0
DA:1427,0
DA:1430,0
DA:1432,0
DA:1433,0
DA:1434,0
DA:1435,0
DA:1436,0
DA:1437,0
DA:1438,0
DA:1439,0
DA:1441,0
DA:1442,0
DA:1443,0
DA:1444,0
DA:1445,0
DA:1447,0
DA:1451,4
DA:1462,4
DA:1463,4
DA:1464,4
DA:1465,4
DA:1466,4
DA:1467,4
DA:1468,4
DA:1469,4
DA:1470,4
DA:1471,2
DA:1472,4
DA:1473,1
DA:1474,4
DA:1475,4
DA:1476,2
DA:1477,4
DA:1478,4
DA:1480,0
DA:1481,0
DA:1482,0
DA:1483,0
DA:1484,0
DA:1485,0
DA:1486,0
DA:1487,0
DA:1488,0
DA:1489,0
DA:1490,0
DA:1491,0
DA:1492,0
DA:1493,0
DA:1494,0
DA:1495,0
DA:1496,0
DA:1497,0
DA:1498,0
DA:1499,0
DA:1503,0
DA:1505,0
DA:1506,0
DA:1507,0
DA:1508,0
DA:1509,0
DA:1510,0
DA:1511,0
DA:1512,0
DA:1513,0
DA:1514,0
DA:1515,0
DA:1516,0
DA:1517,0
DA:1520,0
DA:1521,0
DA:1522,0
DA:1523,0
DA:1524,0
DA:1525,0
DA:1526,0
DA:1527,0
DA:1528,0
DA:1529,0
DA:1530,0
DA:1531,0
DA:1533,0
DA:1536,0
DA:1537,0
DA:1538,0
DA:1539,0
DA:1540,0
DA:1541,0
DA:1542,0
DA:1543,0
DA:1544,0
DA:1545,0
DA:1546,0
DA:1560,4
DA:1572,4
DA:1583,4
DA:1584,4
DA:1585,4
DA:1586,4
DA:1587,4
DA:1588,0
DA:1600,0
DA:1601,0
DA:1602,0
DA:1603,0
DA:1604,0
DA:1605,0
DA:1606,0
DA:1607,0
DA:1608,0
DA:1610,0
DA:1611,0
DA:1615,0
DA:1627,0
DA:1628,0
DA:1629,0
DA:1630,0
DA:1631,0
DA:1632,0
DA:1633,0
DA:1634,0
DA:1635,0
DA:1637,0
DA:1638,0
DA:1642,4
DA:1644,4
DA:1645,8
DA:1646,16
DA:1648,8
DA:1649,16
DA:1651,8
DA:1652,16
DA:1654,8
DA:1655,16
DA:1657,8
DA:1658,8
DA:1659,16
DA:1662,8
DA:1663,16
DA:1665,8
DA:1666,16
DA:1668,8
DA:1669,16
DA:1671,8
DA:1672,8
DA:1673,8
DA:1676,8
DA:1677,16
DA:1682,0
DA:1684,0
DA:1685,0
DA:1686,0
DA:1687,0
DA:1688,0
DA:1689,0
DA:1690,0
DA:1691,0
DA:1692,0
DA:1693,0
DA:1694,0
DA:1695,0
DA:1696,0
DA:1701,22
DA:1702,0
DA:1703,22
DA:1704,22
DA:1705,22
DA:1706,0
DA:1708,0
DA:1709,11
DA:1710,11
DA:1711,11
DA:1712,11
DA:1713,11
DA:1715,8
DA:1757,0
DA:1759,0
DA:1760,0
DA:1761,0
DA:1765,0
DA:1766,0
DA:1767,0
DA:1768,0
DA:1769,0
DA:1771,0
DA:1772,0
DA:1773,0
DA:1777,0
DA:1778,0
DA:1779,0
DA:1783,0
DA:1784,0
DA:1785,0
DA:1786,0
DA:1787,0
DA:1789,0
DA:1790,0
DA:1791,0
DA:1798,0
DA:1805,0
DA:1806,0
DA:1807,0
DA:1810,0
DA:1811,0
DA:1812,0
DA:1815,0
DA:1816,0
DA:1817,0
DA:1818,0
DA:1821,0
DA:1822,0
DA:1823,0
DA:1826,0
DA:1827,0
DA:1828,0
DA:1831,0
DA:1832,0
DA:1833,0
DA:1836,0
DA:1837,0
DA:1838,0
DA:1841,0
DA:1842,0
DA:1843,0
DA:1846,0
DA:1849,0
DA:1851,0
DA:1852,0
DA:1853,0
DA:1855,0
DA:1859,0
DA:1860,0
DA:1861,0
DA:1868,0
DA:1871,0
DA:1874,0
DA:1876,0
DA:1877,0
DA:1878,0
DA:1880,0
DA:1884,0
DA:1885,0
DA:1886,0
DA:1893,0
DA:1899,0
DA:1906,0
DA:1907,0
DA:1908,0
DA:1911,0
DA:1912,0
DA:1913,0
DA:1916,0
DA:1917,0
DA:1918,0
DA:1921,0
DA:1922,0
DA:1923,0
DA:1926,0
DA:1927,0
DA:1928,0
DA:1931,0
DA:1932,0
DA:1933,0
DA:1936,0
DA:1937,0
DA:1938,0
DA:1941,0
DA:1942,0
DA:1943,0
DA:1949,0
DA:1956,0
DA:1957,0
DA:1959,0
DA:1960,0
DA:1962,0
DA:1963,0
DA:1965,0
DA:1966,0
DA:1968,0
DA:1969,0
DA:1971,0
DA:1972,0
DA:1973,0
DA:1976,0
DA:1977,0
DA:1979,0
DA:1980,0
DA:1982,0
DA:1985,0
DA:1987,0
DA:1988,0
DA:1989,0
DA:1991,0
DA:1995,0
DA:1996,0
DA:1997,0
DA:2004,0
DA:2007,0
DA:2010,0
DA:2012,0
DA:2013,0
DA:2014,0
DA:2016,0
DA:2020,0
DA:2021,0
DA:2022,0
DA:2029,0
DA:2048,0
DA:2049,0
DA:2050,0
DA:2053,0
DA:2054,0
DA:2055,0
DA:2056,0
DA:2057,0
DA:2058,0
DA:2060,0
DA:2069,0
DA:2080,0
DA:2089,0
DA:2099,0
DA:2100,0
DA:2101,0
DA:2102,0
DA:2103,0
DA:2106,0
DA:2108,0
DA:2109,0
DA:2111,0
DA:2112,0
DA:2113,0
DA:2116,0
DA:2117,0
DA:2119,0
DA:2126,0
DA:2127,0
DA:2128,0
DA:2132,0
DA:2134,0
DA:2135,0
DA:2140,0
DA:2147,0
DA:2148,0
DA:2149,0
DA:2153,0
DA:2155,0
DA:2156,0
DA:2205,0
DA:2207,0
DA:2208,0
DA:2210,0
DA:2211,0
DA:2213,0
DA:2214,0
DA:2215,0
DA:2216,0
DA:2217,0
DA:2219,0
DA:2220,0
DA:2227,0
DA:2234,0
DA:2235,0
DA:2236,0
DA:2239,0
DA:2240,0
DA:2241,0
DA:2244,0
DA:2245,0
DA:2246,0
DA:2249,0
DA:2250,0
DA:2251,0
DA:2254,0
DA:2255,0
DA:2256,0
DA:2259,0
DA:2260,0
DA:2261,0
DA:2264,0
DA:2265,0
DA:2267,0
DA:2268,0
DA:2269,0
DA:2271,0
DA:2275,0
DA:2276,0
DA:2277,0
DA:2290,0
DA:2297,0
DA:2298,0
DA:2299,0
DA:2302,0
DA:2303,0
DA:2304,0
DA:2307,0
DA:2308,0
DA:2309,0
DA:2312,0
DA:2313,0
DA:2314,0
DA:2317,0
DA:2318,0
DA:2319,0
DA:2322,0
DA:2323,0
DA:2324,0
DA:2327,0
DA:2328,0
DA:2330,0
DA:2331,0
DA:2332,0
DA:2334,0
DA:2338,0
DA:2339,0
DA:2340,0
DA:2353,0
DA:2360,0
DA:2361,0
DA:2363,0
DA:2364,0
DA:2366,0
DA:2367,0
DA:2369,0
DA:2370,0
DA:2371,0
DA:2374,0
DA:2375,0
DA:2376,0
DA:2379,0
DA:2380,0
DA:2382,0
DA:2383,0
DA:2385,0
DA:2386,0
DA:2387,0
DA:2389,0
DA:2393,0
DA:2394,0
DA:2395,0
DA:2421,0
DA:2422,0
DA:2423,0
DA:2426,0
DA:2427,0
DA:2428,0
DA:2429,0
DA:2430,0
DA:2431,0
DA:2433,0
DA:2441,0
DA:2451,0
DA:2459,0
DA:2468,0
DA:2469,0
DA:2470,0
DA:2471,0
DA:2472,0
DA:2475,0
DA:2476,0
DA:2477,0
DA:2479,0
DA:2495,0
DA:2497,0
DA:2499,0
DA:2501,0
DA:2503,0
DA:2504,0
DA:2510,0
DA:2511,0
DA:2560,0
DA:2562,0
DA:2563,0
DA:2565,0
DA:2566,0
DA:2568,0
DA:2569,0
DA:2570,0
DA:2571,0
DA:2572,0
DA:2574,0
DA:2575,0
DA:2582,0
DA:2589,0
DA:2590,0
DA:2591,0
DA:2594,0
DA:2595,0
DA:2596,0
DA:2599,0
DA:2600,0
DA:2601,0
DA:2604,0
DA:2605,0
DA:2606,0
DA:2607,0
DA:2610,0
DA:2611,0
DA:2612,0
DA:2615,0
DA:2616,0
DA:2617,0
DA:2620,0
DA:2621,0
DA:2622,0
DA:2625,0
DA:2626,0
DA:2627,0
DA:2630,0
DA:2631,0
DA:2632,0
DA:2635,0
DA:2636,0
DA:2638,0
DA:2639,0
DA:2640,0
DA:2642,0
DA:2646,0
DA:2647,0
DA:2648,0
DA:2661,0
DA:2668,0
DA:2669,0
DA:2670,0
DA:2673,0
DA:2674,0
DA:2675,0
DA:2678,0
DA:2679,0
DA:2680,0
DA:2683,0
DA:2684,0
DA:2685,0
DA:2688,0
DA:2689,0
DA:2690,0
DA:2693,0
DA:2694,0
DA:2695,0
DA:2698,0
DA:2699,0
DA:2700,0
DA:2703,0
DA:2704,0
DA:2705,0
DA:2708,0
DA:2709,0
DA:2710,0
DA:2713,0
DA:2714,0
DA:2716,0
DA:2717,0
DA:2718,0
DA:2720,0
DA:2724,0
DA:2725,0
DA:2726,0
DA:2739,0
DA:2746,0
DA:2747,0
DA:2749,0
DA:2750,0
DA:2752,0
DA:2753,0
DA:2755,0
DA:2756,0
DA:2758,0
DA:2759,0
DA:2760,0
DA:2763,0
DA:2764,0
DA:2765,0
DA:2768,0
DA:2769,0
DA:2770,0
DA:2773,0
DA:2774,0
DA:2775,0
DA:2778,0
DA:2779,0
DA:2781,0
DA:2782,0
DA:2784,0
DA:2785,0
DA:2786,0
DA:2788,0
DA:2792,0
DA:2793,0
DA:2794,0
DA:2820,0
DA:2821,0
DA:2822,0
DA:2825,0
DA:2826,0
DA:2827,0
DA:2828,0
DA:2829,0
DA:2830,0
DA:2832,0
DA:2843,0
DA:2856,0
DA:2867,0
DA:2879,0
DA:2880,0
DA:2881,0
DA:2882,0
DA:2883,0
DA:2886,0
DA:2887,0
DA:2888,0
DA:2890,0
DA:2906,0
DA:2908,0
DA:2910,0
DA:2912,0
DA:2914,0
DA:2915,0
DA:2921,0
DA:2922,0
DA:2947,0
DA:2948,0
DA:2949,0
DA:2950,0
DA:2951,0
DA:2952,0
DA:2953,0
LF:1252
LH:419
end_of_record
SF:lib/core/database/app_database.dart
DA:21,0
DA:26,11
DA:30,11
DA:33,11
DA:34,11
DA:40,1
DA:41,1
DA:44,0
DA:46,1
DA:47,0
DA:49,1
DA:63,1
DA:64,0
DA:66,1
DA:67,0
DA:74,11
DA:75,11
DA:84,1
DA:85,3
DA:86,5
DA:94,0
DA:95,0
LF:22
LH:15
end_of_record
SF:lib/features/animals/data/animal_table.dart
DA:13,0
DA:15,0
DA:18,0
DA:20,0
DA:22,0
DA:24,0
DA:28,0
DA:30,0
LF:8
LH:0
end_of_record
SF:lib/features/animals/domain/animal_species.dart
DA:11,2
DA:12,2
DA:13,2
LF:3
LH:3
end_of_record
SF:lib/features/treatments/data/treatment_table.dart
DA:17,0
DA:22,0
DA:23,0
DA:27,0
DA:33,0
DA:35,0
DA:40,0
DA:51,0
DA:58,0
DA:66,0
DA:68,0
LF:11
LH:0
end_of_record
SF:lib/features/treatments/domain/treatment_frequency.dart
DA:37,4
DA:38,4
DA:39,4
DA:41,5
DA:42,5
DA:43,3
DA:44,2
DA:45,2
DA:46,0
DA:47,0
DA:60,5
DA:61,30
DA:68,0
DA:69,0
DA:70,0
DA:71,0
DA:72,0
DA:73,0
DA:74,0
LF:19
LH:10
end_of_record
SF:lib/features/vaccinations/data/vaccination_table.dart
DA:20,0
DA:28,0
DA:29,0
DA:32,0
DA:38,0
DA:43,0
DA:49,0
DA:51,0
LF:8
LH:0
end_of_record
SF:lib/app/router.dart
DA:16,1
DA:17,3
DA:25,1
DA:26,1
DA:33,0
DA:34,0
DA:54,6
DA:55,2
DA:56,2
DA:57,2
DA:58,2
DA:59,2
DA:60,2
DA:61,2
DA:62,2
DA:65,2
DA:69,2
DA:70,2
DA:71,2
DA:74,0
DA:76,2
DA:84,2
DA:85,0
DA:86,0
DA:88,2
DA:89,2
DA:92,0
DA:93,0
DA:95,2
DA:96,2
DA:99,0
DA:100,0
DA:103,2
DA:108,0
DA:109,0
DA:110,0
DA:111,0
DA:112,0
DA:120,2
DA:125,0
DA:126,0
DA:128,2
DA:129,2
DA:132,0
DA:133,0
DA:139,0
DA:142,2
DA:147,1
DA:148,1
DA:149,0
DA:150,0
DA:151,0
LF:52
LH:30
end_of_record
SF:lib/core/database/database_provider.g.dart
DA:20,21
DA:40,7
DA:41,7
DA:51,0
DA:52,0
DA:54,0
DA:57,0
DA:59,0
DA:61,0
DA:65,7
DA:66,7
DA:68,7
DA:73,0
LF:13
LH:6
end_of_record
SF:lib/core/database/database_provider.dart
DA:14,0
DA:16,0
DA:17,0
LF:3
LH:0
end_of_record
SF:lib/core/notifications/notification_service.dart
DA:36,13
DA:37,13
DA:50,0
DA:51,0
DA:53,0
DA:54,0
DA:55,0
DA:68,0
DA:75,0
DA:76,0
DA:79,0
DA:88,0
DA:105,0
DA:106,0
DA:108,0
DA:109,0
DA:110,0
DA:113,0
DA:117,0
DA:118,0
DA:119,0
DA:122,0
DA:188,0
DA:198,0
DA:200,0
DA:204,0
DA:223,0
DA:224,0
DA:225,0
DA:236,0
DA:237,0
DA:239,0
DA:240,0
DA:241,0
DA:244,0
DA:248,0
DA:249,0
DA:250,0
DA:253,0
DA:254,0
DA:269,0
DA:270,0
DA:272,0
DA:273,0
DA:274,0
DA:277,0
DA:281,0
DA:282,0
DA:283,0
DA:286,0
LF:50
LH:2
end_of_record
SF:lib/core/notifications/notification_service_provider.dart
DA:16,32
DA:17,2
LF:2
LH:2
end_of_record
SF:lib/main.dart
DA:8,0
DA:9,0
DA:16,0
DA:29,0
DA:37,0
DA:41,2
DA:43,2
DA:45,2
DA:47,2
DA:48,2
LF:10
LH:5
end_of_record
SF:lib/app/app_shell.dart
DA:27,2
DA:34,0
DA:35,0
DA:36,0
DA:38,0
DA:45,0
DA:46,0
DA:48,0
DA:52,2
DA:61,4
DA:63,2
DA:64,2
DA:65,2
DA:66,4
DA:67,2
DA:69,2
DA:71,2
DA:74,2
DA:76,2
DA:77,2
DA:80,6
DA:84,0
DA:86,0
DA:89,2
DA:92,6
DA:93,0
DA:104,2
DA:116,2
DA:118,2
DA:119,2
DA:120,2
DA:122,2
DA:123,2
DA:125,2
DA:129,2
DA:130,2
DA:133,4
LF:37
LH:27
end_of_record
SF:lib/features/animals/data/animals_list_provider.dart
DA:23,6
DA:24,3
DA:29,3
DA:31,9
DA:32,3
LF:5
LH:5
end_of_record
SF:lib/features/animals/data/selected_animal_provider.dart
DA:15,4
LF:1
LH:1
end_of_record
SF:lib/app/theme.dart
DA:22,0
DA:96,2
DA:98,2
DA:101,2
DA:113,4
DA:118,2
DA:122,2
DA:123,2
DA:128,2
DA:133,2
DA:138,2
DA:144,2
DA:150,2
DA:157,2
DA:158,2
DA:164,2
DA:165,2
DA:171,2
DA:172,2
DA:181,2
DA:184,2
DA:185,2
DA:188,2
DA:189,2
DA:192,2
DA:193,2
DA:197,2
DA:198,2
LF:28
LH:27
end_of_record
SF:lib/features/animals/presentation/animal_profile_screen.dart
DA:42,1
DA:46,1
DA:48,4
DA:50,1
DA:51,1
DA:52,1
DA:53,1
DA:55,2
DA:56,1
DA:57,0
DA:58,0
DA:66,1
DA:71,1
DA:72,1
DA:81,1
DA:83,1
DA:91,3
DA:92,1
DA:93,7
DA:100,1
DA:101,2
DA:102,3
DA:107,1
DA:108,3
DA:111,3
DA:117,3
DA:118,1
DA:119,1
DA:120,2
DA:121,2
DA:122,2
DA:124,4
DA:125,6
DA:126,1
DA:127,3
DA:130,1
DA:131,3
DA:136,1
DA:138,3
DA:141,1
DA:142,2
DA:143,2
DA:144,4
DA:146,6
DA:147,3
DA:151,6
DA:153,1
DA:160,1
DA:161,1
DA:162,1
DA:164,4
DA:166,1
DA:167,2
DA:168,2
DA:169,0
DA:170,0
DA:171,0
DA:173,0
DA:176,0
DA:180,1
DA:182,3
DA:184,1
DA:186,1
DA:187,1
DA:188,1
DA:189,3
DA:190,1
DA:192,1
DA:194,1
DA:196,1
DA:198,0
DA:200,1
DA:202,1
DA:204,0
DA:210,1
DA:212,1
DA:214,1
DA:215,4
DA:216,1
DA:217,0
DA:219,0
DA:226,1
DA:228,1
DA:229,2
DA:230,3
DA:231,0
DA:232,0
DA:233,0
DA:234,0
DA:236,0
DA:238,0
DA:240,0
DA:241,0
DA:242,0
DA:245,0
DA:246,0
DA:247,0
DA:252,1
DA:253,0
DA:256,1
DA:258,1
DA:260,1
DA:261,1
DA:263,3
DA:265,1
DA:266,0
DA:268,0
DA:275,1
DA:277,1
DA:278,2
DA:279,3
DA:280,0
DA:281,0
DA:282,0
DA:283,0
DA:285,0
DA:287,0
DA:289,0
DA:290,0
DA:291,0
DA:294,0
DA:295,0
DA:296,0
DA:301,1
DA:302,0
DA:310,1
DA:311,2
DA:312,1
DA:313,1
DA:315,1
DA:316,1
DA:317,1
DA:318,1
DA:319,1
DA:320,1
DA:321,1
DA:322,1
DA:323,1
DA:324,1
DA:327,1
DA:328,1
DA:329,1
DA:330,1
DA:331,1
DA:333,0
DA:338,1
DA:339,1
DA:340,2
DA:341,1
DA:362,0
DA:363,0
DA:364,0
DA:365,0
DA:366,0
DA:367,0
DA:369,0
DA:370,0
DA:371,0
DA:373,0
DA:374,0
DA:376,0
DA:384,0
DA:385,0
DA:386,0
DA:387,0
DA:388,0
DA:389,0
DA:390,0
DA:391,0
DA:393,0
DA:394,0
DA:396,0
DA:403,1
DA:408,1
DA:414,2
DA:416,1
DA:418,1
DA:424,1
DA:426,1
DA:428,1
DA:430,1
DA:447,1
DA:448,0
DA:449,0
DA:450,0
DA:454,1
DA:456,1
DA:457,1
DA:468,1
DA:469,1
DA:471,1
DA:472,1
DA:473,2
DA:474,3
DA:475,1
DA:478,1
DA:479,2
DA:480,3
DA:481,0
DA:490,1
DA:491,1
DA:507,1
DA:512,1
DA:514,1
DA:515,1
DA:516,1
DA:519,1
DA:521,1
DA:522,1
DA:523,3
DA:542,1
DA:546,1
DA:548,1
DA:549,0
DA:551,0
DA:570,1
DA:574,1
DA:576,1
DA:577,0
DA:579,0
DA:598,1
DA:603,1
DA:605,1
DA:607,1
DA:608,1
DA:609,1
DA:611,1
DA:612,1
DA:613,4
DA:614,3
DA:618,3
DA:628,0
DA:629,0
DA:630,0
DA:631,0
DA:632,0
DA:633,0
DA:634,0
DA:635,0
LF:239
LH:160
end_of_record
SF:lib/features/animals/presentation/create_animal_screen.dart
DA:16,2
DA:18,1
DA:19,1
DA:27,1
DA:28,3
DA:31,3
DA:33,1
DA:34,2
DA:35,1
DA:36,1
DA:37,1
DA:38,1
DA:39,1
DA:40,1
DA:42,1
DA:43,2
DA:44,0
DA:54,4
DA:58,1
DA:59,3
DA:64,1
DA:66,1
DA:68,1
DA:70,1
DA:71,1
DA:72,3
DA:74,1
DA:75,2
DA:76,1
LF:29
LH:28
end_of_record
SF:lib/features/home/presentation/home_screen.dart
DA:44,2
DA:46,2
DA:48,4
DA:50,2
DA:51,2
DA:52,2
DA:53,4
DA:55,0
DA:56,2
DA:57,0
DA:58,0
DA:66,0
DA:70,0
DA:75,0
DA:76,0
DA:78,0
DA:88,0
DA:89,0
DA:90,0
DA:91,0
DA:92,0
DA:94,0
DA:95,0
DA:96,0
DA:101,0
DA:103,0
DA:105,0
DA:108,0
DA:110,0
DA:111,0
DA:113,0
DA:114,0
DA:115,0
DA:116,0
DA:118,0
DA:122,0
DA:123,0
DA:126,0
DA:128,0
DA:130,0
DA:132,0
DA:144,0
DA:151,0
DA:153,0
DA:155,0
DA:161,0
DA:163,0
DA:165,0
DA:167,0
DA:168,0
DA:169,0
DA:173,0
DA:175,0
DA:176,0
DA:187,0
DA:191,0
DA:193,0
DA:199,0
DA:200,0
DA:201,0
DA:204,0
DA:206,0
DA:208,0
DA:209,0
DA:210,0
DA:217,0
DA:218,0
DA:220,0
DA:223,0
DA:224,0
DA:228,0
DA:229,0
DA:231,0
DA:232,0
DA:234,0
DA:236,0
DA:237,0
DA:241,0
DA:242,0
DA:243,0
DA:246,0
DA:248,0
DA:252,0
DA:253,0
DA:255,0
DA:256,0
DA:257,0
DA:264,0
DA:265,0
DA:277,0
DA:279,0
DA:291,0
DA:295,0
DA:297,0
DA:299,0
DA:301,0
DA:303,0
DA:305,0
DA:308,0
DA:309,0
DA:323,2
DA:325,0
DA:340,0
DA:344,0
DA:346,0
DA:347,0
DA:348,0
DA:349,0
DA:352,0
DA:354,0
DA:355,0
DA:356,0
DA:384,0
DA:388,0
DA:390,0
DA:392,0
DA:393,0
DA:402,0
DA:403,0
DA:405,0
DA:406,0
DA:407,0
DA:410,0
DA:412,0
DA:417,0
DA:418,0
DA:421,0
DA:423,0
DA:428,0
DA:429,0
DA:432,0
DA:434,0
DA:448,0
DA:458,0
DA:460,0
DA:462,0
DA:463,0
DA:466,0
DA:467,0
DA:469,0
DA:470,0
DA:481,2
DA:483,2
DA:485,4
DA:487,2
DA:488,2
DA:489,2
DA:491,4
DA:502,2
DA:503,2
DA:504,2
DA:506,2
DA:508,2
DA:511,2
DA:513,6
DA:524,2
DA:525,0
DA:567,0
DA:568,0
DA:569,0
LF:160
LH:24
end_of_record
SF:lib/features/treatments/presentation/treatment_form_screen.dart
DA:42,1
DA:53,1
DA:55,1
DA:57,1
DA:58,1
DA:60,1
DA:64,0
DA:65,0
DA:66,0
DA:67,0
DA:73,0
DA:74,0
DA:78,0
DA:80,0
DA:87,1
DA:99,1
DA:101,1
DA:106,2
DA:107,4
DA:109,4
DA:110,1
DA:111,2
DA:119,2
DA:120,2
DA:124,3
DA:126,1
DA:128,2
DA:129,1
DA:132,0
DA:133,0
DA:134,0
DA:135,0
DA:136,0
DA:137,0
DA:144,0
DA:151,0
DA:152,0
DA:153,0
DA:154,0
DA:155,0
DA:158,0
DA:160,0
DA:164,0
DA:165,0
DA:166,0
DA:170,0
DA:171,0
DA:172,0
DA:175,0
DA:176,0
DA:177,0
DA:181,1
DA:182,3
DA:183,4
DA:184,3
DA:190,3
DA:192,3
DA:193,2
DA:200,2
DA:201,2
DA:202,2
DA:204,1
DA:205,3
DA:206,1
DA:207,1
DA:213,1
DA:214,2
DA:215,3
DA:216,1
DA:217,1
DA:218,1
DA:221,0
DA:222,0
DA:223,0
DA:224,0
DA:225,0
DA:226,0
DA:227,0
DA:228,0
DA:238,0
DA:239,0
DA:240,0
DA:243,0
DA:246,1
DA:247,3
DA:250,1
DA:251,3
DA:256,1
DA:258,1
DA:259,1
DA:260,1
DA:261,1
DA:264,1
DA:266,1
DA:267,1
DA:268,1
DA:269,1
DA:270,1
DA:271,1
DA:277,3
DA:282,1
DA:284,1
DA:285,2
DA:289,3
DA:291,1
DA:294,1
DA:296,1
DA:298,3
DA:302,1
DA:305,1
DA:306,1
DA:307,1
DA:308,1
DA:309,2
DA:310,4
DA:314,3
DA:316,1
DA:318,1
DA:319,2
DA:322,3
DA:326,2
DA:327,1
DA:329,1
DA:330,2
DA:332,0
DA:335,1
DA:337,1
DA:338,1
DA:339,0
DA:342,0
DA:343,0
DA:346,0
DA:349,1
DA:351,1
DA:352,1
DA:358,2
DA:360,0
DA:362,0
DA:364,0
DA:365,0
DA:369,1
DA:371,1
DA:373,2
DA:375,4
DA:376,3
DA:380,1
DA:381,1
DA:382,2
DA:383,1
DA:389,1
DA:390,1
DA:411,1
DA:421,1
DA:423,1
DA:424,1
DA:425,1
DA:426,1
DA:427,1
DA:430,1
DA:431,1
DA:433,1
DA:435,1
DA:436,1
DA:437,1
DA:440,1
DA:451,1
DA:452,1
DA:453,1
DA:454,1
DA:455,1
DA:456,1
DA:457,1
DA:460,5
LF:173
LH:121
end_of_record
SF:lib/features/treatments/presentation/treatments_list_screen.dart
DA:20,0
DA:24,0
DA:26,0
DA:30,0
DA:32,0
DA:40,0
DA:41,0
DA:42,0
DA:43,0
DA:44,0
DA:49,0
DA:51,0
DA:52,0
DA:54,0
DA:55,0
DA:56,0
DA:57,0
DA:60,0
DA:61,0
DA:63,0
DA:64,0
DA:67,0
DA:68,0
DA:69,0
DA:71,0
DA:72,0
DA:74,0
DA:84,0
DA:89,0
DA:91,0
DA:93,0
DA:94,0
DA:95,0
DA:96,0
DA:97,0
DA:99,0
DA:101,0
DA:102,0
DA:103,0
DA:106,0
DA:107,0
DA:108,0
DA:116,2
DA:118,0
DA:120,0
DA:121,0
DA:123,0
DA:125,0
DA:128,0
DA:130,0
LF:50
LH:1
end_of_record
SF:lib/features/vaccinations/presentation/vaccination_form_screen.dart
DA:27,1
DA:36,1
DA:38,1
DA:40,2
DA:43,0
DA:44,0
DA:45,0
DA:46,0
DA:50,0
DA:51,0
DA:54,0
DA:58,0
DA:60,0
DA:67,1
DA:77,1
DA:79,1
DA:85,2
DA:86,2
DA:88,4
DA:89,3
DA:92,3
DA:94,1
DA:96,2
DA:97,1
DA:100,0
DA:101,0
DA:102,0
DA:103,0
DA:104,0
DA:105,0
DA:112,0
DA:116,0
DA:117,0
DA:118,0
DA:119,0
DA:120,0
DA:124,0
DA:125,0
DA:128,0
DA:132,1
DA:133,3
DA:135,3
DA:137,3
DA:138,2
DA:147,2
DA:148,2
DA:149,2
DA:151,1
DA:157,3
DA:158,1
DA:159,1
DA:165,1
DA:166,2
DA:167,3
DA:168,1
DA:169,1
DA:172,0
DA:173,0
DA:174,0
DA:175,0
DA:176,0
DA:179,0
DA:182,1
DA:183,3
DA:186,1
DA:187,3
DA:192,1
DA:194,1
DA:195,1
DA:196,2
DA:198,1
DA:200,1
DA:201,1
DA:202,1
DA:203,1
DA:204,1
DA:205,1
DA:211,3
DA:216,1
DA:219,3
DA:221,1
DA:223,1
DA:226,1
DA:227,1
DA:229,0
DA:231,1
DA:233,0
DA:236,0
DA:238,1
DA:241,1
DA:242,2
DA:243,1
DA:249,2
DA:259,5
LF:94
LH:61
end_of_record
SF:lib/features/vaccinations/presentation/vaccinations_list_screen.dart
DA:20,0
DA:24,0
DA:26,0
DA:27,0
DA:29,0
DA:30,0
DA:31,0
DA:33,0
DA:34,0
DA:36,0
DA:37,0
DA:38,0
DA:39,0
DA:41,0
DA:42,0
DA:44,0
DA:54,0
DA:59,0
DA:61,0
DA:63,0
DA:64,0
DA:65,0
DA:66,0
DA:67,0
DA:69,0
DA:71,0
DA:72,0
DA:73,0
DA:76,0
DA:77,0
DA:78,0
DA:86,2
DA:88,0
DA:90,0
DA:91,0
DA:93,0
DA:95,0
DA:98,0
DA:100,0
LF:39
LH:1
end_of_record
SF:lib/core/domain/due_status.dart
DA:32,2
DA:35,8
DA:36,2
DA:37,2
DA:38,2
DA:39,2
DA:42,2
DA:43,4
DA:52,0
DA:53,0
DA:54,0
DA:55,0
LF:12
LH:8
end_of_record
SF:lib/core/widgets/delete_confirmation_sheet.dart
DA:16,0
DA:21,0
DA:22,0
DA:25,0
DA:26,0
DA:32,0
DA:37,0
DA:39,0
DA:40,0
DA:42,0
DA:44,0
DA:46,0
DA:49,0
DA:51,0
DA:52,0
DA:55,0
DA:57,0
DA:61,0
DA:75,0
DA:76,0
DA:84,0
DA:85,0
DA:93,0
DA:94,0
DA:95,0
DA:96,0
DA:97,0
DA:102,0
DA:103,0
DA:104,0
DA:107,0
LF:31
LH:0
end_of_record
SF:lib/core/widgets/due_status_badge.dart
DA:8,0
DA:9,0
DA:10,0
DA:11,0
DA:25,0
DA:29,0
DA:31,0
DA:32,0
DA:33,0
DA:38,0
DA:40,0
DA:41,0
DA:43,0
DA:45,0
DA:47,0
DA:48,0
DA:49,0
LF:17
LH:0
end_of_record
SF:lib/core/widgets/gradient_app_bar.dart
DA:11,4
DA:16,4
DA:19,4
DA:21,4
DA:22,4
DA:23,4
DA:24,4
LF:7
LH:7
end_of_record
SF:lib/core/widgets/light_status_bar.dart
DA:17,3
DA:21,3
DA:23,3
DA:25,3
LF:4
LH:4
end_of_record
SF:lib/core/widgets/straddling_hero.dart
DA:19,1
DA:32,1
DA:34,1
DA:45,1
DA:46,1
DA:47,4
LF:6
LH:6
end_of_record
SF:lib/core/widgets/surface_card.dart
DA:11,3
DA:31,1
DA:33,1
DA:34,1
DA:35,1
DA:42,1
DA:44,1
DA:45,1
DA:46,1
DA:48,3
DA:58,2
DA:63,6
DA:65,6
DA:66,6
DA:67,6
DA:68,6
DA:70,18
DA:72,24
LF:18
LH:18
end_of_record
SF:lib/features/animals/data/animal_dao.g.dart
DA:7,30
DA:8,0
DA:13,0
DA:14,0
DA:15,0
LF:5
LH:1
end_of_record
SF:lib/features/animals/data/animal_dao.dart
DA:10,10
DA:16,8
DA:17,4
DA:18,24
DA:20,7
DA:21,49
DA:23,8
DA:24,24
DA:26,2
DA:27,6
DA:29,3
DA:30,21
LF:12
LH:12
end_of_record
SF:lib/features/animals/data/animal_provider.dart
DA:15,8
DA:16,4
DA:17,2
LF:3
LH:3
end_of_record
SF:lib/features/animals/data/animal_repository_provider.g.dart
DA:20,15
DA:45,5
DA:46,5
DA:56,5
DA:57,5
DA:59,5
DA:62,5
DA:64,5
DA:66,5
DA:70,0
DA:71,0
DA:73,0
DA:78,5
LF:13
LH:10
end_of_record
SF:lib/features/animals/data/animal_repository_provider.dart
DA:18,5
DA:20,10
DA:21,5
DA:22,5
DA:23,10
DA:24,10
LF:6
LH:6
end_of_record
SF:lib/features/animals/data/animal_repository.dart
DA:20,10
DA:30,12
DA:32,9
DA:34,8
DA:42,16
DA:43,8
DA:46,8
DA:47,8
DA:48,8
DA:49,8
DA:59,2
DA:60,6
DA:76,3
DA:77,6
DA:78,5
DA:79,6
DA:82,6
DA:83,5
DA:84,6
DA:87,6
LF:20
LH:20
end_of_record
SF:lib/features/treatments/data/treatment_repository.dart
DA:20,10
DA:34,12
DA:47,2
DA:48,8
DA:56,3
DA:57,6
DA:63,3
DA:64,6
DA:66,6
DA:72,9
DA:84,4
DA:91,4
DA:96,8
DA:97,4
DA:103,4
DA:104,4
DA:105,2
DA:111,4
DA:112,2
DA:118,2
DA:119,4
DA:120,4
DA:122,6
DA:123,2
DA:127,4
DA:134,8
DA:135,8
DA:137,8
DA:138,4
DA:167,1
DA:168,3
DA:169,1
DA:170,3
DA:172,2
DA:176,2
DA:177,1
DA:178,1
DA:179,1
DA:180,1
DA:181,2
DA:183,2
DA:185,1
DA:186,1
DA:187,1
DA:188,1
DA:189,1
DA:197,2
DA:199,1
DA:200,1
DA:201,1
DA:203,1
DA:223,2
DA:224,2
DA:225,4
DA:227,3
DA:228,2
DA:230,2
DA:231,1
DA:232,2
DA:235,2
DA:236,2
DA:241,1
DA:242,1
DA:243,2
DA:245,2
DA:253,2
DA:254,4
DA:255,2
DA:256,6
DA:258,4
DA:259,4
DA:266,4
DA:271,4
DA:272,4
DA:274,4
DA:277,4
DA:283,4
DA:284,4
DA:285,4
DA:286,4
DA:289,8
DA:291,8
DA:292,4
DA:293,8
DA:296,4
DA:297,4
DA:312,2
DA:318,2
DA:320,4
DA:321,2
DA:322,8
DA:323,4
DA:324,2
DA:326,6
DA:327,6
DA:328,2
DA:329,1
DA:331,2
DA:332,4
DA:335,2
DA:336,2
DA:341,2
DA:346,2
DA:347,3
DA:348,2
DA:352,3
DA:354,3
DA:356,4
LF:108
LH:108
end_of_record
SF:lib/features/vaccinations/data/vaccination_repository.dart
DA:14,10
DA:26,12
DA:34,3
DA:35,6
DA:40,3
DA:41,6
DA:43,6
DA:47,9
DA:52,5
DA:58,10
DA:59,5
DA:63,5
DA:67,5
DA:74,6
DA:75,6
DA:77,6
DA:78,3
DA:92,1
DA:93,3
DA:94,1
DA:95,3
DA:98,1
DA:99,1
DA:100,1
DA:101,1
DA:102,1
DA:109,2
DA:111,2
DA:112,1
DA:120,2
DA:121,4
DA:122,2
DA:123,4
DA:124,2
DA:127,4
DA:136,5
DA:144,3
DA:145,3
DA:146,3
DA:147,3
DA:150,6
DA:152,6
DA:153,3
DA:154,6
DA:157,3
DA:158,3
LF:46
LH:46
end_of_record
SF:lib/features/treatments/data/treatment_repository_provider.g.dart
DA:15,21
DA:30,7
DA:31,7
DA:41,7
DA:42,7
DA:44,7
DA:48,7
DA:50,7
DA:52,7
DA:56,0
DA:57,0
DA:59,0
DA:64,7
LF:13
LH:10
end_of_record
SF:lib/features/treatments/data/treatment_repository_provider.dart
DA:13,7
DA:15,14
DA:16,7
DA:17,7
DA:18,7
DA:19,14
LF:6
LH:6
end_of_record
SF:lib/features/vaccinations/data/vaccination_repository_provider.g.dart
DA:15,21
DA:30,7
DA:31,7
DA:41,7
DA:42,7
DA:44,7
DA:48,7
DA:50,7
DA:52,7
DA:56,0
DA:57,0
DA:59,0
DA:64,7
LF:13
LH:10
end_of_record
SF:lib/features/vaccinations/data/vaccination_repository_provider.dart
DA:13,7
DA:15,14
DA:16,7
DA:17,7
DA:18,7
DA:19,14
LF:6
LH:6
end_of_record
SF:lib/features/animals/presentation/animal_chip_selector.dart
DA:19,1
DA:40,1
DA:42,1
DA:44,1
DA:47,1
DA:48,1
DA:49,1
DA:50,2
DA:52,1
DA:53,1
DA:54,3
DA:55,0
DA:58,2
DA:66,1
DA:76,1
DA:78,1
DA:86,1
DA:88,1
DA:89,1
DA:90,1
DA:91,1
DA:94,1
DA:95,1
DA:97,1
DA:99,1
DA:100,1
DA:102,1
DA:113,1
DA:114,1
DA:131,1
DA:135,1
DA:141,1
DA:143,1
DA:144,1
DA:145,1
DA:148,1
DA:149,1
DA:166,1
DA:173,1
DA:175,4
DA:176,5
DA:177,2
DA:178,3
DA:179,1
DA:180,1
DA:182,1
DA:183,2
DA:184,1
DA:185,1
DA:187,2
DA:188,2
DA:189,1
DA:190,1
DA:196,2
DA:200,1
DA:202,3
LF:56
LH:55
end_of_record
SF:lib/features/animals/presentation/animal_form_fields.dart
DA:7,2
DA:31,2
DA:48,2
DA:49,2
DA:53,8
DA:54,4
DA:55,4
DA:57,4
DA:58,4
DA:60,6
DA:61,6
DA:63,2
DA:65,4
DA:66,4
DA:67,4
DA:68,2
DA:71,0
DA:72,0
DA:73,0
DA:74,0
DA:75,0
DA:76,0
DA:80,0
DA:88,2
DA:89,2
DA:90,0
DA:91,0
DA:94,8
DA:97,6
DA:98,2
DA:99,6
DA:100,2
DA:101,8
DA:103,0
DA:104,2
DA:105,2
DA:107,0
DA:111,2
DA:113,2
DA:114,4
DA:115,2
DA:116,2
DA:117,2
DA:118,2
DA:121,6
DA:126,2
DA:128,2
DA:130,6
DA:134,2
DA:135,2
DA:136,2
DA:137,2
DA:139,4
DA:143,6
DA:145,1
DA:146,4
DA:150,2
DA:151,2
DA:156,2
DA:157,2
DA:162,2
DA:163,4
DA:164,0
DA:165,0
DA:172,2
DA:175,2
DA:176,2
DA:178,0
DA:181,2
LF:69
LH:55
end_of_record
SF:lib/features/home/data/home_reminders_provider.dart
DA:26,4
DA:27,4
DA:28,6
DA:29,2
DA:30,1
DA:31,0
DA:34,2
DA:37,6
DA:38,6
DA:39,4
DA:40,2
DA:42,2
DA:44,0
DA:49,2
DA:51,3
DA:52,1
DA:55,2
DA:56,1
DA:58,1
DA:59,1
DA:61,1
DA:63,1
DA:65,1
DA:72,3
DA:73,1
DA:74,1
DA:75,1
DA:77,1
DA:79,1
DA:80,1
DA:82,1
DA:84,1
DA:86,1
DA:87,1
DA:89,2
DA:90,1
DA:91,4
DA:92,2
DA:99,6
DA:100,2
LF:40
LH:38
end_of_record
SF:lib/features/treatments/data/treatments_list_provider.dart
DA:11,8
DA:15,4
DA:16,2
LF:3
LH:3
end_of_record
SF:lib/features/treatments/presentation/treatment_card.dart
DA:23,0
DA:36,0
DA:38,0
DA:39,0
DA:41,0
DA:43,0
DA:44,0
DA:46,0
DA:47,0
DA:50,0
DA:51,0
DA:54,0
DA:56,0
DA:58,0
DA:59,0
DA:60,0
DA:63,0
DA:64,0
DA:65,0
DA:72,0
DA:76,0
DA:78,0
DA:83,0
DA:84,0
DA:93,0
DA:94,0
DA:95,0
DA:96,0
DA:99,0
DA:119,0
DA:120,0
DA:121,0
DA:122,0
DA:123,0
DA:124,0
DA:125,0
DA:126,0
DA:133,0
DA:134,0
DA:135,0
DA:138,0
DA:139,0
DA:140,0
DA:141,0
DA:142,0
DA:144,0
DA:146,0
DA:147,0
DA:148,0
DA:149,0
LF:50
LH:0
end_of_record
SF:lib/features/vaccinations/data/vaccinations_list_provider.dart
DA:12,8
DA:16,4
DA:17,2
LF:3
LH:3
end_of_record
SF:lib/features/vaccinations/presentation/vaccination_card.dart
DA:25,0
DA:38,0
DA:40,0
DA:41,0
DA:42,0
DA:45,0
DA:47,0
DA:48,0
DA:50,0
DA:51,0
DA:54,0
DA:55,0
DA:58,0
DA:60,0
DA:61,0
DA:62,0
DA:65,0
DA:66,0
DA:67,0
DA:71,0
DA:72,0
DA:74,0
DA:75,0
DA:76,0
DA:83,0
DA:84,0
DA:85,0
DA:86,0
DA:88,0
DA:98,0
DA:105,0
LF:31
LH:0
end_of_record
SF:lib/features/treatments/domain/reminder_times.dart
DA:19,3
DA:20,4
DA:21,8
DA:26,3
DA:27,12
DA:37,3
DA:38,3
DA:39,1
DA:46,6
DA:47,12
DA:48,12
DA:50,6
DA:51,3
DA:52,6
DA:57,6
DA:62,2
DA:63,6
DA:64,6
DA:65,2
DA:72,1
DA:73,4
DA:74,4
DA:75,5
DA:77,2
DA:78,3
DA:83,1
LF:26
LH:26
end_of_record
SF:lib/features/home/domain/home_reminder.dart
DA:14,1
LF:1
LH:1
end_of_record
SF:lib/features/notifications/presentation/notification_permission_banner.dart
DA:18,2
DA:20,1
DA:22,1
DA:28,1
DA:30,1
DA:31,2
DA:34,1
DA:36,2
DA:37,1
DA:40,1
DA:48,1
DA:49,5
DA:53,1
DA:55,4
DA:63,1
DA:64,1
DA:65,1
DA:66,1
DA:67,4
LF:19
LH:19
end_of_record
SF:lib/features/notifications/data/first_reminder_source.dart
DA:18,2
DA:20,4
DA:21,2
DA:25,4
DA:26,2
LF:5
LH:5
end_of_record
SF:lib/features/notifications/data/notification_permission_provider.dart
DA:18,10
DA:19,5
DA:24,5
DA:26,20
DA:36,2
DA:37,2
DA:38,4
DA:39,2
DA:40,4
DA:55,2
DA:56,4
DA:57,10
LF:12
LH:12
end_of_record
SF:lib/features/notifications/presentation/notification_priming_screen.dart
DA:21,2
DA:23,3
DA:25,3
DA:32,1
DA:33,3
DA:34,1
DA:35,3
DA:36,1
DA:37,1
DA:38,3
DA:42,3
DA:44,3
DA:46,3
DA:48,3
DA:50,3
DA:53,3
DA:55,9
DA:67,3
DA:68,6
DA:69,3
DA:78,3
DA:79,3
DA:81,9
LF:23
LH:23
end_of_record
SF:lib/features/treatments/data/treatment_dao.g.dart
DA:7,0
DA:8,21
DA:9,0
DA:14,0
DA:15,0
DA:16,0
DA:17,0
DA:18,0
LF:8
LH:1
end_of_record
SF:lib/features/treatments/data/treatment_dao.dart
DA:11,10
DA:15,3
DA:16,6
DA:17,12
DA:18,15
DA:19,3
DA:25,4
DA:26,28
DA:28,4
DA:29,28
DA:34,3
DA:35,12
DA:36,3
DA:39,4
DA:40,12
DA:42,4
DA:43,12
DA:45,2
DA:46,14
LF:19
LH:19
end_of_record
SF:lib/features/treatments/data/treatment_provider.dart
DA:9,0
DA:10,0
DA:11,0
LF:3
LH:0
end_of_record
SF:lib/features/vaccinations/data/vaccination_dao.dart
DA:11,10
DA:18,3
DA:19,6
DA:20,12
DA:21,15
DA:22,3
DA:30,3
DA:31,21
DA:33,3
DA:34,21
DA:39,3
DA:40,12
DA:41,3
DA:44,5
DA:45,15
DA:47,3
DA:48,9
DA:50,2
DA:51,14
LF:19
LH:19
end_of_record
SF:lib/features/vaccinations/data/vaccination_dao.g.dart
DA:7,0
DA:8,21
DA:9,0
DA:14,0
DA:15,0
DA:16,0
DA:17,0
DA:18,0
LF:8
LH:1
end_of_record
SF:lib/features/vaccinations/data/vaccination_provider.dart
DA:9,0
DA:10,0
DA:11,0
LF:3
LH:0
end_of_record
